d:\betacool\release\betacool.pch
d:\betacool\release\vc120.pdb
d:\betacool\release\stdafx.obj
d:\betacool\release\xhiroshi.obj
d:\betacool\release\xforce.obj
d:\betacool\release\xeffect.obj
d:\betacool\release\xecool.obj
d:\betacool\release\xebeam.obj
d:\betacool\release\xdynamic.obj
d:\betacool\release\xdraw.obj
d:\betacool\release\xdistributor.obj
d:\betacool\release\xbucket.obj
d:\betacool\release\xbeam.obj
d:\betacool\release\vectoru.obj
d:\betacool\release\bptune.obj
d:\betacool\release\pellets.obj
d:\betacool\release\matrixu.obj
d:\betacool\release\doubleu.obj
d:\betacool\release\datau.obj
d:\betacool\release\bpibs.obj
d:\betacool\release\bpdata.obj
d:\betacool\release\bolideu.obj
d:\betacool\release\betacool.obj
d:\betacool\release\xtarget.obj
d:\betacool\release\xstoch.obj
d:\betacool\release\xrunge.obj
d:\betacool\release\xring.obj
d:\betacool\release\xrestgas.obj
d:\betacool\release\xpowell.obj
d:\betacool\release\xoptics.obj
d:\betacool\release\xlibrary.obj
d:\betacool\release\xibs.obj
d:\betacool\betacool.exe
d:\betacool\.\betacool.exe
d:\betacool\x64\release\betacool.tlog\cl.command.1.tlog
d:\betacool\x64\release\betacool.tlog\cl.read.1.tlog
d:\betacool\x64\release\betacool.tlog\cl.write.1.tlog
d:\betacool\x64\release\betacool.tlog\link.command.1.tlog
d:\betacool\x64\release\betacool.tlog\link.read.1.tlog
d:\betacool\x64\release\betacool.tlog\link.write.1.tlog
