Build started 27.06.2019 9:05:22.
     1>Project "C:\d\betacool\Betacool.vcxproj" on node 2 (Rebuild target(s)).
     1>C:\Program Files (x86)\MSBuild\Microsoft.Cpp\v4.0\V120\Microsoft.CppBuild.targets(357,5): warning MSB8004: Output Directory does not end with a trailing slash.  This build instance will add the slash as it is required to allow proper evaluation of the Output Directory.
     1>ClCompile:
         C:\Program Files (x86)\Microsoft Visual Studio 12.0\VC\bin\x86_amd64\CL.exe /c /Zi /nologo /W3 /WX- /O2 /Ob1 /D WIN32 /D NDEBUG /D _CONSOLE /D _VC80_UPGRADE=0x0600 /D _MBCS /GF /Gm- /EHsc /MT /GS /Gy /fp:precise /Zc:wchar_t /Zc:forScope /openmp /Yc"stdafx.h" /Fp".\Release/Betacool.pch" /Fo".\Release/" /Fd".\Release/vc120.pdb" /Gd /TP /errorReport:prompt StdAfx.cpp
         StdAfx.cpp
         C:\Program Files (x86)\Microsoft Visual Studio 12.0\VC\bin\x86_amd64\CL.exe /c /Zi /nologo /W3 /WX- /O2 /Ob1 /D WIN32 /D NDEBUG /D _CONSOLE /D _VC80_UPGRADE=0x0600 /D _MBCS /GF /Gm- /EHsc /MT /GS /Gy /fp:precise /Zc:wchar_t /Zc:forScope /openmp /Yu"stdafx.h" /Fp".\Release/Betacool.pch" /Fo".\Release/" /Fd".\Release/vc120.pdb" /Gd /TP /errorReport:prompt Betacool.cpp bolideU.cpp bpData.cpp bpIBS.cpp dataU.cpp doubleU.cpp matrixU.cpp pellets.cpp bpTune.cpp vectoru.cpp xBeam.cpp xbucket.cpp xDistributor.cpp xDraw.cpp xDynamic.cpp xEbeam.cpp xEcool.cpp xEffect.cpp xForce.cpp xhiroshi.cpp xIBS.cpp xLibrary.cpp xOptics.cpp xPowell.cpp xrestgas.cpp xRing.cpp xRunge.cpp xstoch.cpp xTarget.cpp
         Betacool.cpp
     1>Betacool.cpp(79): warning C4267: 'initializing' : conversion from 'size_t' to 'int', possible loss of data
         bolideU.cpp
     1>bolideU.cpp(29): warning C4996: 'gcvt': The POSIX name for this item is deprecated. Instead, use the ISO C++ conformant name: _gcvt. See online help for details.
                 C:\Program Files (x86)\Microsoft Visual Studio 12.0\VC\include\stdlib.h(936) : see declaration of 'gcvt'
     1>bolideU.cpp(38): warning C4996: 'gcvt': The POSIX name for this item is deprecated. Instead, use the ISO C++ conformant name: _gcvt. See online help for details.
                 C:\Program Files (x86)\Microsoft Visual Studio 12.0\VC\include\stdlib.h(936) : see declaration of 'gcvt'
     1>bolideU.cpp(47): warning C4996: 'gcvt': The POSIX name for this item is deprecated. Instead, use the ISO C++ conformant name: _gcvt. See online help for details.
                 C:\Program Files (x86)\Microsoft Visual Studio 12.0\VC\include\stdlib.h(936) : see declaration of 'gcvt'
         bpData.cpp
     1>bpData.cpp(27): warning C4996: 'fopen': This function or variable may be unsafe. Consider using fopen_s instead. To disable deprecation, use _CRT_SECURE_NO_WARNINGS. See online help for details.
                 C:\Program Files (x86)\Microsoft Visual Studio 12.0\VC\include\stdio.h(211) : see declaration of 'fopen'
     1>bpData.cpp(64): warning C4996: 'fopen': This function or variable may be unsafe. Consider using fopen_s instead. To disable deprecation, use _CRT_SECURE_NO_WARNINGS. See online help for details.
                 C:\Program Files (x86)\Microsoft Visual Studio 12.0\VC\include\stdio.h(211) : see declaration of 'fopen'
     1>bpData.cpp(72): warning C4996: 'strcpy': This function or variable may be unsafe. Consider using strcpy_s instead. To disable deprecation, use _CRT_SECURE_NO_WARNINGS. See online help for details.
                 C:\Program Files (x86)\Microsoft Visual Studio 12.0\VC\include\string.h(112) : see declaration of 'strcpy'
     1>bpData.cpp(77): warning C4996: 'gcvt': The POSIX name for this item is deprecated. Instead, use the ISO C++ conformant name: _gcvt. See online help for details.
                 C:\Program Files (x86)\Microsoft Visual Studio 12.0\VC\include\stdlib.h(936) : see declaration of 'gcvt'
     1>bpData.cpp(78): warning C4996: 'strcat': This function or variable may be unsafe. Consider using strcat_s instead. To disable deprecation, use _CRT_SECURE_NO_WARNINGS. See online help for details.
                 C:\Program Files (x86)\Microsoft Visual Studio 12.0\VC\include\string.h(118) : see declaration of 'strcat'
     1>bpData.cpp(79): warning C4996: 'strcat': This function or variable may be unsafe. Consider using strcat_s instead. To disable deprecation, use _CRT_SECURE_NO_WARNINGS. See online help for details.
                 C:\Program Files (x86)\Microsoft Visual Studio 12.0\VC\include\string.h(118) : see declaration of 'strcat'
     1>bpData.cpp(82): warning C4996: 'strcat': This function or variable may be unsafe. Consider using strcat_s instead. To disable deprecation, use _CRT_SECURE_NO_WARNINGS. See online help for details.
                 C:\Program Files (x86)\Microsoft Visual Studio 12.0\VC\include\string.h(118) : see declaration of 'strcat'
     1>bpData.cpp(85): warning C4996: 'strcat': This function or variable may be unsafe. Consider using strcat_s instead. To disable deprecation, use _CRT_SECURE_NO_WARNINGS. See online help for details.
                 C:\Program Files (x86)\Microsoft Visual Studio 12.0\VC\include\string.h(118) : see declaration of 'strcat'
         bpIBS.cpp
         dataU.cpp
     1>dataU.cpp(86): warning C4267: 'return' : conversion from 'size_t' to 'unsigned int', possible loss of data
     1>dataU.cpp(220): warning C4996: 'gcvt': The POSIX name for this item is deprecated. Instead, use the ISO C++ conformant name: _gcvt. See online help for details.
                 C:\Program Files (x86)\Microsoft Visual Studio 12.0\VC\include\stdlib.h(936) : see declaration of 'gcvt'
     1>dataU.cpp(315): warning C4267: '=' : conversion from 'size_t' to 'int', possible loss of data
     1>dataU.cpp(385): warning C4267: '+=' : conversion from 'size_t' to 'int', possible loss of data
     1>dataU.cpp(533): warning C4800: 'double' : forcing value to bool 'true' or 'false' (performance warning)
         doubleU.cpp
         matrixU.cpp
         pellets.cpp
         bpTune.cpp
     1>bpTune.cpp(97): warning C4244: 'initializing' : conversion from 'double' to 'int', possible loss of data
     1>bpTune.cpp(98): warning C4244: 'initializing' : conversion from 'double' to 'int', possible loss of data
     1>bpTune.cpp(99): warning C4244: 'initializing' : conversion from 'double' to 'int', possible loss of data
     1>bpTune.cpp(116): warning C4244: '=' : conversion from 'double' to 'int', possible loss of data
         vectoru.cpp
         xBeam.cpp
         xbucket.cpp
     1>xbucket.cpp(188): warning C4800: 'double' : forcing value to bool 'true' or 'false' (performance warning)
         xDistributor.cpp
         xDraw.cpp
     1>xDraw.cpp(269): warning C4244: 'initializing' : conversion from 'double' to 'int', possible loss of data
     1>xDraw.cpp(921): warning C4244: 'argument' : conversion from 'double' to 'int', possible loss of data
     1>xDraw.cpp(922): warning C4244: 'argument' : conversion from 'double' to 'int', possible loss of data
     1>xDraw.cpp(924): warning C4244: 'argument' : conversion from 'double' to 'int', possible loss of data
     1>xDraw.cpp(925): warning C4244: 'argument' : conversion from 'double' to 'int', possible loss of data
     1>xDraw.cpp(959): warning C4244: 'argument' : conversion from 'double' to 'int', possible loss of data
     1>xDraw.cpp(960): warning C4244: 'argument' : conversion from 'double' to 'int', possible loss of data
     1>xDraw.cpp(990): warning C4244: 'argument' : conversion from 'double' to 'int', possible loss of data
     1>xDraw.cpp(991): warning C4244: 'argument' : conversion from 'double' to 'int', possible loss of data
     1>xDraw.cpp(1364): warning C4244: 'argument' : conversion from 'double' to 'int', possible loss of data
     1>xDraw.cpp(1379): warning C4244: 'initializing' : conversion from 'double' to 'int', possible loss of data
     1>xDraw.cpp(1387): warning C4800: 'BunchEnum' : forcing value to bool 'true' or 'false' (performance warning)
         xDynamic.cpp
     1>xDynamic.cpp(332): warning C4244: 'argument' : conversion from 'double' to 'int', possible loss of data
         xEbeam.cpp
     1>xEbeam.cpp(133): warning C4800: 'double' : forcing value to bool 'true' or 'false' (performance warning)
     1>xEbeam.cpp(678): warning C4800: 'double' : forcing value to bool 'true' or 'false' (performance warning)
         xEcool.cpp
     1>xEcool.cpp(233): warning C4800: 'BunchEnum' : forcing value to bool 'true' or 'false' (performance warning)
         xEffect.cpp
         xForce.cpp
         xhiroshi.cpp
         Generating Code...
         Compiling...
         xIBS.cpp
         xLibrary.cpp
         xOptics.cpp
         xPowell.cpp
         xrestgas.cpp
         xRing.cpp
     1>xRing.cpp(181): warning C4800: 'double' : forcing value to bool 'true' or 'false' (performance warning)
         xRunge.cpp
         xstoch.cpp
         xTarget.cpp
         Generating Code...
       Link:
         C:\Program Files (x86)\Microsoft Visual Studio 12.0\VC\bin\x86_amd64\link.exe /ERRORREPORT:PROMPT /OUT:".\Betacool.exe" /INCREMENTAL:NO /NOLOGO kernel32.lib user32.lib gdi32.lib winspool.lib comdlg32.lib advapi32.lib shell32.lib ole32.lib oleaut32.lib uuid.lib odbc32.lib odbccp32.lib /MANIFEST /MANIFESTUAC:"level='asInvoker' uiAccess='false'" /manifest:embed /PDB:".\Release/Betacool.pdb" /SUBSYSTEM:CONSOLE /TLBID:1 /DYNAMICBASE:NO /IMPLIB:".\Betacool.lib" /MACHINE:X64 .\Release/Betacool.obj
         .\Release/bolideU.obj
         .\Release/bpData.obj
         .\Release/bpIBS.obj
         .\Release/dataU.obj
         .\Release/doubleU.obj
         .\Release/matrixU.obj
         .\Release/pellets.obj
         .\Release/bpTune.obj
         .\Release/StdAfx.obj
         .\Release/vectoru.obj
         .\Release/xBeam.obj
         .\Release/xbucket.obj
         .\Release/xDistributor.obj
         .\Release/xDraw.obj
         .\Release/xDynamic.obj
         .\Release/xEbeam.obj
         .\Release/xEcool.obj
         .\Release/xEffect.obj
         .\Release/xForce.obj
         .\Release/xhiroshi.obj
         .\Release/xIBS.obj
         .\Release/xLibrary.obj
         .\Release/xOptics.obj
         .\Release/xPowell.obj
         .\Release/xrestgas.obj
         .\Release/xRing.obj
         .\Release/xRunge.obj
         .\Release/xstoch.obj
         .\Release/xTarget.obj
         Betacool.vcxproj -> C:\d\betacool\.\Betacool.exe
     1>Done Building Project "C:\d\betacool\Betacool.vcxproj" (Rebuild target(s)).

Build succeeded.

Time Elapsed 00:00:35.56
