d:\betacool\debug\betacool.pch
d:\betacool\debug\vc120.pdb
d:\betacool\debug\vc120.idb
d:\betacool\debug\stdafx.obj
d:\betacool\debug\vectoru.obj
d:\betacool\debug\xbeam.obj
d:\betacool\debug\xbucket.obj
d:\betacool\debug\xdistributor.obj
d:\betacool\debug\xdraw.obj
d:\betacool\debug\xdynamic.obj
d:\betacool\debug\xebeam.obj
d:\betacool\debug\xecool.obj
d:\betacool\debug\xeffect.obj
d:\betacool\debug\xforce.obj
d:\betacool\debug\xhiroshi.obj
d:\betacool\debug\xibs.obj
d:\betacool\debug\xlibrary.obj
d:\betacool\debug\xoptics.obj
d:\betacool\debug\xpowell.obj
d:\betacool\debug\xrestgas.obj
d:\betacool\debug\xring.obj
d:\betacool\debug\xrunge.obj
d:\betacool\debug\xstoch.obj
d:\betacool\debug\xtarget.obj
d:\betacool\debug\betacool.obj
d:\betacool\debug\bolideu.obj
d:\betacool\debug\bpdata.obj
d:\betacool\debug\bpibs.obj
d:\betacool\debug\datau.obj
d:\betacool\debug\doubleu.obj
d:\betacool\debug\matrixu.obj
d:\betacool\debug\pellets.obj
d:\betacool\debug\bptune.obj
d:\betacool\betacool.ilk
d:\betacool\betacool.exe
d:\betacool\debug\betacool.pdb
d:\betacool\.\betacool.exe
d:\betacool\betacool.tlog\cl.command.1.tlog
d:\betacool\betacool.tlog\cl.read.1.tlog
d:\betacool\betacool.tlog\cl.write.1.tlog
d:\betacool\betacool.tlog\link.command.1.tlog
d:\betacool\betacool.tlog\link.read.1.tlog
d:\betacool\betacool.tlog\link.write.1.tlog
