c:\d\betacool\debug\betacool.pch
c:\d\betacool\debug\vc120.pdb
c:\d\betacool\debug\vc120.idb
c:\d\betacool\debug\stdafx.obj
c:\d\betacool\debug\vectoru.obj
c:\d\betacool\debug\xbeam.obj
c:\d\betacool\debug\xbucket.obj
c:\d\betacool\debug\xdistributor.obj
c:\d\betacool\debug\xdraw.obj
c:\d\betacool\debug\xebeam.obj
c:\d\betacool\debug\xecool.obj
c:\d\betacool\debug\xeffect.obj
c:\d\betacool\debug\xforce.obj
c:\d\betacool\debug\xhiroshi.obj
c:\d\betacool\debug\xibs.obj
c:\d\betacool\debug\xlibrary.obj
c:\d\betacool\debug\xoptics.obj
c:\d\betacool\debug\xpowell.obj
c:\d\betacool\debug\xrestgas.obj
c:\d\betacool\debug\xring.obj
c:\d\betacool\debug\xrunge.obj
c:\d\betacool\debug\xstoch.obj
c:\d\betacool\debug\xtarget.obj
c:\d\betacool\debug\betacool.obj
c:\d\betacool\debug\bolideu.obj
c:\d\betacool\debug\bpdata.obj
c:\d\betacool\debug\bpibs.obj
c:\d\betacool\debug\datau.obj
c:\d\betacool\debug\doubleu.obj
c:\d\betacool\debug\matrixu.obj
c:\d\betacool\debug\pellets.obj
c:\d\betacool\debug\bptune.obj
c:\d\betacool\betacool.tlog\cl.command.1.tlog
c:\d\betacool\betacool.tlog\cl.read.1.tlog
c:\d\betacool\betacool.tlog\cl.write.1.tlog
